Traceback (most recent call last):
  File "<frozen importlib._bootstrap_external>", line 1485, in _path_importer_cache
KeyError: 'C:\\Users\\debryu\\anaconda3\\envs\\vlg-cbm\\Lib\\site-packages\\torch\\utils\\data\\datapipes\\utils'

During handling of the above exception, another exception occurred:

Traceback (most recent call last):
  File "<frozen runpy>", line 198, in _run_module_as_main
  File "<frozen runpy>", line 88, in _run_code
  File "C:\Users\debryu\anaconda3\envs\vlg-cbm\Lib\site-packages\submitit\core\_submit.py", line 11, in <module>
    submitit_main()
  File "C:\Users\debryu\anaconda3\envs\vlg-cbm\Lib\site-packages\submitit\core\submission.py", line 76, in submitit_main
    process_job(args.folder)
  File "C:\Users\debryu\anaconda3\envs\vlg-cbm\Lib\site-packages\submitit\core\submission.py", line 52, in process_job
    delayed = utils.DelayedSubmission.load(paths.submitted_pickle)
              ^^^^^^^^^^^^^^^^^^^^^^^^^^^^^^^^^^^^^^^^^^^^^^^^^^^^
  File "C:\Users\debryu\anaconda3\envs\vlg-cbm\Lib\site-packages\submitit\core\utils.py", line 153, in load
    obj = pickle_load(filepath)
          ^^^^^^^^^^^^^^^^^^^^^
  File "C:\Users\debryu\anaconda3\envs\vlg-cbm\Lib\site-packages\submitit\core\utils.py", line 232, in pickle_load
    return pickle.load(ifile)
           ^^^^^^^^^^^^^^^^^^
  File "C:\Users\debryu\Desktop\VS_CODE\HOME\ML\work\VLG-CBM\train_cbm.py", line 9, in <module>
    import torch
  File "C:\Users\debryu\anaconda3\envs\vlg-cbm\Lib\site-packages\torch\__init__.py", line 2016, in <module>
    from torch import _VF as _VF, functional as functional  # usort: skip
    ^^^^^^^^^^^^^^^^^^^^^^^^^^^^^^^^^^^^^^^^^^^^^^^^^^^^^^
  File "C:\Users\debryu\anaconda3\envs\vlg-cbm\Lib\site-packages\torch\functional.py", line 7, in <module>
    import torch.nn.functional as F
  File "C:\Users\debryu\anaconda3\envs\vlg-cbm\Lib\site-packages\torch\nn\__init__.py", line 8, in <module>
    from torch.nn.modules import *  # usort: skip # noqa: F403
    ^^^^^^^^^^^^^^^^^^^^^^^^^^^^^^
  File "C:\Users\debryu\anaconda3\envs\vlg-cbm\Lib\site-packages\torch\nn\modules\__init__.py", line 1, in <module>
    from .module import Module  # usort: skip
    ^^^^^^^^^^^^^^^^^^^^^^^^^^
  File "C:\Users\debryu\anaconda3\envs\vlg-cbm\Lib\site-packages\torch\nn\modules\module.py", line 29, in <module>
    from torch.utils._python_dispatch import is_traceable_wrapper_subclass
  File "C:\Users\debryu\anaconda3\envs\vlg-cbm\Lib\site-packages\torch\utils\__init__.py", line 8, in <module>
    from torch.utils import (
  File "C:\Users\debryu\anaconda3\envs\vlg-cbm\Lib\site-packages\torch\utils\data\__init__.py", line 1, in <module>
    from torch.utils.data.dataloader import (
  File "C:\Users\debryu\anaconda3\envs\vlg-cbm\Lib\site-packages\torch\utils\data\dataloader.py", line 21, in <module>
    import torch.utils.data.graph_settings
  File "C:\Users\debryu\anaconda3\envs\vlg-cbm\Lib\site-packages\torch\utils\data\graph_settings.py", line 8, in <module>
    from torch.utils.data.datapipes.iter.sharding import (
  File "C:\Users\debryu\anaconda3\envs\vlg-cbm\Lib\site-packages\torch\utils\data\datapipes\__init__.py", line 1, in <module>
    from torch.utils.data.datapipes import dataframe as dataframe, iter as iter, map as map
  File "C:\Users\debryu\anaconda3\envs\vlg-cbm\Lib\site-packages\torch\utils\data\datapipes\dataframe\__init__.py", line 1, in <module>
    from torch.utils.data.datapipes.dataframe.dataframes import (
  File "C:\Users\debryu\anaconda3\envs\vlg-cbm\Lib\site-packages\torch\utils\data\datapipes\dataframe\dataframes.py", line 4, in <module>
    from torch.utils.data.datapipes._decorator import functional_datapipe
  File "C:\Users\debryu\anaconda3\envs\vlg-cbm\Lib\site-packages\torch\utils\data\datapipes\_decorator.py", line 7, in <module>
    from torch.utils.data.datapipes.datapipe import IterDataPipe, MapDataPipe
  File "C:\Users\debryu\anaconda3\envs\vlg-cbm\Lib\site-packages\torch\utils\data\datapipes\datapipe.py", line 8, in <module>
    from torch.utils.data.datapipes.utils.common import (
  File "<frozen importlib._bootstrap>", line 1360, in _find_and_load
  File "<frozen importlib._bootstrap>", line 1322, in _find_and_load_unlocked
  File "<frozen importlib._bootstrap>", line 1262, in _find_spec
  File "<frozen importlib._bootstrap_external>", line 1528, in find_spec
  File "<frozen importlib._bootstrap_external>", line 1500, in _get_spec
  File "<frozen importlib._bootstrap_external>", line 1487, in _path_importer_cache
  File "<frozen importlib._bootstrap_external>", line 1463, in _path_hooks
  File "<frozen importlib._bootstrap_external>", line 1687, in path_hook_for_FileFinder
  File "<frozen importlib._bootstrap_external>", line 168, in _path_isdir
  File "<frozen importlib._bootstrap_external>", line 153, in _path_is_mode_type
  File "<frozen importlib._bootstrap_external>", line 147, in _path_stat
KeyboardInterrupt
